<?xml version="1.0" encoding="UTF-8"?>
<!-- Generated by org.testng.reporters.JUnitReportReporter -->
<testsuite hostname="ZakirZR-Bluestone" failures="0" tests="1" name="testng2.tc1" time="0.001" errors="0" timestamp="2022-01-26T07:37:55 IST" skipped="0">
  <testcase classname="testng2.tc1" name="tc12" time="0.001"/>
  <system-out/>
</testsuite> <!-- testng2.tc1 -->
