<?xml version="1.0" encoding="UTF-8"?>
<!-- Generated by org.testng.reporters.JUnitReportReporter -->
<testsuite hostname="ZakirZR-Bluestone" failures="0" tests="1" name="Testng.testcase" time="0.008" errors="0" timestamp="2022-01-26T07:37:55 IST" skipped="0">
  <testcase classname="Testng.testcase" name="testcase1" time="0.008"/>
  <system-out/>
</testsuite> <!-- Testng.testcase -->
